********************************************************************************
DUPLICATOR-LITE PACKAGE-LOG: 07/08/2023 13:44
NOTICE: Do NOT post to public sites or forums 
********************************************************************************
VERSION:	1.5.5.1
WORDPRESS:	6.2.2
PHP INFO:	8.1.9 | SAPI: fpm-fcgi
SERVER:		Apache/2.4.43 (Unix) 
PHP TIME LIMIT: (0) no time limit imposed 
PHP MAX MEMORY: 4294967296 (256M default) 
MEMORY STACK: 40.5MB

********************************************************************************
DATABASE:
********************************************************************************
BUILD MODE:   PHP(query limit - 100)
MYSQLTIMEOUT: 5000
MYSQLDUMP:    Not Supported
TABLES: total:14 | filtered:0 | create:14
FILTERED: []
SQL CREATED: 20230807_phoutsource_f1312ef7b70bca2f6182_20230807134411_database.sql
SQL FILE SIZE: 9.9MB (10376236)
SQL FILE TIME: 2023-08-07 13:44:19
SQL RUNTIME: 0.75 sec.

********************************************************************************
ARCHIVE (ZIP):
********************************************************************************
ARCHIVE DIR:  /Users/jmenor/Local Sites/phoutsource/app/public
ARCHIVE FILE: 20230807_phoutsource_f1312ef7b70bca2f6182_20230807134411_archive.zip
FILTERS: *OFF*
DIRS:
	not set
FILES:
	not set
EXTS:  not set
----------------------------------------
COMPRESSING
SIZE:	116.33MB
STATS:	Dirs 790 | Files 4,845
SQL ADDED: 20230807_phoutsource_f1312ef7b70bca2f6182_20230807134411_database.sql
ZipArchive Object
(
    [lastId] => 5634
    [status] => 0
    [statusSys] => 0
    [numFiles] => 5635
    [filename] => /Users/jmenor/Local Sites/phoutsource/app/public/wp-content/backups-dup-lite/tmp/20230807_phoutsource_f1312ef7b70bca2f6182_20230807134411_archive.zip
    [comment] => 
)

FILE ADDED TO ZIP: 5634
COMPRESSION RESULT: '1'
COMPRESSED SIZE: 46.98MB
ARCHIVE RUNTIME: 18.36 sec.
MEMORY STACK: 44.5MB
building installer
ARCHIVE CONSISTENCY TEST: PASS

********************************************************************************
INTEGRITY CHECKS:
********************************************************************************
SQL FILE: 9.9MB
INSTALLER FILE: 73.48KB
ARCHIVE FILE: 48.83MB 
EXPECTED FILE/DIRECTORY COUNT: 5,635
ACTUAL FILE/DIRECTORY COUNT: 5,634
ARCHIVE CONSISTENCY TEST: Pass

********************************************************************************
RECORD ID:[1]
TOTAL PROCESS RUNTIME: 26.51 sec.
PEAK PHP MEMORY USED: 48.5MB
DONE PROCESSING => 20230807_phoutsource 07/08/2023 13:44

